<?xml version="1.0" encoding="UTF-8"?>
<testng-results skipped="0" failed="1" ignored="0" total="10" passed="9">
  <reporter-output>
    <line>
      <![CDATA[Electronics, Cars, Fashion, Collectibles, Coupons and More | eBay]]>
    </line>
    <line>
      <![CDATA[Electronics, Cars, Fashion, Collectibles, Coupons and More | eBay]]>
    </line>
    <line>
      <![CDATA[Electronics, Cars, Fashion, Collectibles, Coupons and More | eBay]]>
    </line>
    <line>
      <![CDATA[Electronics, Cars, Fashion, Collectibles, Coupons and More | eBay]]>
    </line>
    <line>
      <![CDATA[Electronics, Cars, Fashion, Collectibles, Coupons and More | eBay]]>
    </line>
    <line>
      <![CDATA[Electronics, Cars, Fashion, Collectibles, Coupons and More | eBay]]>
    </line>
    <line>
      <![CDATA[Electronics, Cars, Fashion, Collectibles, Coupons and More | eBay]]>
    </line>
    <line>
      <![CDATA[Electronics, Cars, Fashion, Collectibles, Coupons and More | eBay]]>
    </line>
    <line>
      <![CDATA[Electronics, Cars, Fashion, Collectibles, Coupons and More | eBay]]>
    </line>
    <line>
      <![CDATA[Electronics, Cars, Fashion, Collectibles, Coupons and More | eBay]]>
    </line>
  </reporter-output>
  <suite name="Default suite" duration-ms="796599" started-at="2018-06-25T15:21:00Z" finished-at="2018-06-25T15:34:16Z">
    <groups>
    </groups>
    <test name="Default test" duration-ms="796599" started-at="2018-06-25T15:21:00Z" finished-at="2018-06-25T15:34:16Z">
      <class name="testClass.Test8">
        <test-method status="PASS" signature="openApp()[pri:0, instance:testClass.Test8@742aa2]" name="openApp" is-config="true" duration-ms="61577" started-at="2018-06-25T15:21:00Z" finished-at="2018-06-25T15:22:01Z">
          <reporter-output>
            <line>
              <![CDATA[Electronics, Cars, Fashion, Collectibles, Coupons and More | eBay]]>
            </line>
          </reporter-output>
        </test-method> <!-- openApp -->
        <test-method status="PASS" signature="Wish()[pri:0, instance:testClass.Test8@742aa2]" name="Wish" duration-ms="7361" started-at="2018-06-25T15:22:01Z" finished-at="2018-06-25T15:22:09Z">
          <reporter-output>
          </reporter-output>
        </test-method> <!-- Wish -->
        <test-method status="PASS" signature="closeApp()[pri:0, instance:testClass.Test8@742aa2]" name="closeApp" is-config="true" duration-ms="13888" started-at="2018-06-25T15:22:09Z" finished-at="2018-06-25T15:22:23Z">
          <reporter-output>
          </reporter-output>
        </test-method> <!-- closeApp -->
      </class> <!-- testClass.Test8 -->
      <class name="testClass.Test9">
        <test-method status="PASS" signature="openApp()[pri:0, instance:testClass.Test9@b1ffe6]" name="openApp" is-config="true" duration-ms="50037" started-at="2018-06-25T15:22:23Z" finished-at="2018-06-25T15:23:13Z">
          <reporter-output>
            <line>
              <![CDATA[Electronics, Cars, Fashion, Collectibles, Coupons and More | eBay]]>
            </line>
          </reporter-output>
        </test-method> <!-- openApp -->
        <test-method status="PASS" signature="track()[pri:0, instance:testClass.Test9@b1ffe6]" name="track" duration-ms="3765" started-at="2018-06-25T15:23:13Z" finished-at="2018-06-25T15:23:16Z">
          <reporter-output>
          </reporter-output>
        </test-method> <!-- track -->
        <test-method status="PASS" signature="closeApp()[pri:0, instance:testClass.Test9@b1ffe6]" name="closeApp" is-config="true" duration-ms="13259" started-at="2018-06-25T15:23:16Z" finished-at="2018-06-25T15:23:30Z">
          <reporter-output>
          </reporter-output>
        </test-method> <!-- closeApp -->
      </class> <!-- testClass.Test9 -->
      <class name="testClass.Test6">
        <test-method status="PASS" signature="openApp()[pri:0, instance:testClass.Test6@1fc5fb8]" name="openApp" is-config="true" duration-ms="52037" started-at="2018-06-25T15:23:30Z" finished-at="2018-06-25T15:24:22Z">
          <reporter-output>
            <line>
              <![CDATA[Electronics, Cars, Fashion, Collectibles, Coupons and More | eBay]]>
            </line>
          </reporter-output>
        </test-method> <!-- openApp -->
        <test-method status="PASS" signature="Wish()[pri:0, instance:testClass.Test6@1fc5fb8]" name="Wish" duration-ms="18046" started-at="2018-06-25T15:24:22Z" finished-at="2018-06-25T15:24:40Z">
          <reporter-output>
          </reporter-output>
        </test-method> <!-- Wish -->
        <test-method status="PASS" signature="closeApp()[pri:0, instance:testClass.Test6@1fc5fb8]" name="closeApp" is-config="true" duration-ms="12223" started-at="2018-06-25T15:24:40Z" finished-at="2018-06-25T15:24:52Z">
          <reporter-output>
          </reporter-output>
        </test-method> <!-- closeApp -->
      </class> <!-- testClass.Test6 -->
      <class name="testClass.Test7">
        <test-method status="PASS" signature="openApp()[pri:0, instance:testClass.Test7@7aecef]" name="openApp" is-config="true" duration-ms="47315" started-at="2018-06-25T15:24:52Z" finished-at="2018-06-25T15:25:39Z">
          <reporter-output>
            <line>
              <![CDATA[Electronics, Cars, Fashion, Collectibles, Coupons and More | eBay]]>
            </line>
          </reporter-output>
        </test-method> <!-- openApp -->
        <test-method status="PASS" signature="Wish()[pri:0, instance:testClass.Test7@7aecef]" name="Wish" duration-ms="18251" started-at="2018-06-25T15:25:39Z" finished-at="2018-06-25T15:25:58Z">
          <reporter-output>
          </reporter-output>
        </test-method> <!-- Wish -->
        <test-method status="PASS" signature="closeApp()[pri:0, instance:testClass.Test7@7aecef]" name="closeApp" is-config="true" duration-ms="11406" started-at="2018-06-25T15:25:58Z" finished-at="2018-06-25T15:26:09Z">
          <reporter-output>
          </reporter-output>
        </test-method> <!-- closeApp -->
      </class> <!-- testClass.Test7 -->
      <class name="testClass.Test4">
        <test-method status="PASS" signature="openApp()[pri:0, instance:testClass.Test4@150efb8]" name="openApp" is-config="true" duration-ms="43415" started-at="2018-06-25T15:26:09Z" finished-at="2018-06-25T15:26:52Z">
          <reporter-output>
            <line>
              <![CDATA[Electronics, Cars, Fashion, Collectibles, Coupons and More | eBay]]>
            </line>
          </reporter-output>
        </test-method> <!-- openApp -->
        <test-method status="PASS" signature="Wish()[pri:0, instance:testClass.Test4@150efb8]" name="Wish" duration-ms="35572" started-at="2018-06-25T15:26:52Z" finished-at="2018-06-25T15:27:28Z">
          <reporter-output>
          </reporter-output>
        </test-method> <!-- Wish -->
        <test-method status="PASS" signature="closeApp()[pri:0, instance:testClass.Test4@150efb8]" name="closeApp" is-config="true" duration-ms="14123" started-at="2018-06-25T15:27:28Z" finished-at="2018-06-25T15:27:42Z">
          <reporter-output>
          </reporter-output>
        </test-method> <!-- closeApp -->
      </class> <!-- testClass.Test4 -->
      <class name="testClass.Test5">
        <test-method status="PASS" signature="openApp()[pri:0, instance:testClass.Test5@2d773b]" name="openApp" is-config="true" duration-ms="44582" started-at="2018-06-25T15:27:42Z" finished-at="2018-06-25T15:28:27Z">
          <reporter-output>
            <line>
              <![CDATA[Electronics, Cars, Fashion, Collectibles, Coupons and More | eBay]]>
            </line>
          </reporter-output>
        </test-method> <!-- openApp -->
        <test-method status="PASS" signature="Wish()[pri:0, instance:testClass.Test5@2d773b]" name="Wish" duration-ms="10981" started-at="2018-06-25T15:28:27Z" finished-at="2018-06-25T15:28:38Z">
          <reporter-output>
          </reporter-output>
        </test-method> <!-- Wish -->
        <test-method status="PASS" signature="closeApp()[pri:0, instance:testClass.Test5@2d773b]" name="closeApp" is-config="true" duration-ms="11514" started-at="2018-06-25T15:28:38Z" finished-at="2018-06-25T15:28:49Z">
          <reporter-output>
          </reporter-output>
        </test-method> <!-- closeApp -->
      </class> <!-- testClass.Test5 -->
      <class name="testClass.Test2">
        <test-method status="PASS" signature="openApp()[pri:0, instance:testClass.Test2@173f6d9]" name="openApp" is-config="true" duration-ms="45062" started-at="2018-06-25T15:28:49Z" finished-at="2018-06-25T15:29:34Z">
          <reporter-output>
            <line>
              <![CDATA[Electronics, Cars, Fashion, Collectibles, Coupons and More | eBay]]>
            </line>
          </reporter-output>
        </test-method> <!-- openApp -->
        <test-method status="PASS" signature="Wish()[pri:0, instance:testClass.Test2@173f6d9]" name="Wish" duration-ms="18001" started-at="2018-06-25T15:29:34Z" finished-at="2018-06-25T15:29:52Z">
          <reporter-output>
          </reporter-output>
        </test-method> <!-- Wish -->
        <test-method status="PASS" signature="closeApp()[pri:0, instance:testClass.Test2@173f6d9]" name="closeApp" is-config="true" duration-ms="15215" started-at="2018-06-25T15:29:52Z" finished-at="2018-06-25T15:30:07Z">
          <reporter-output>
          </reporter-output>
        </test-method> <!-- closeApp -->
      </class> <!-- testClass.Test2 -->
      <class name="testClass.Test3">
        <test-method status="PASS" signature="openApp()[pri:0, instance:testClass.Test3@7f6b8c]" name="openApp" is-config="true" duration-ms="51404" started-at="2018-06-25T15:30:07Z" finished-at="2018-06-25T15:30:59Z">
          <reporter-output>
            <line>
              <![CDATA[Electronics, Cars, Fashion, Collectibles, Coupons and More | eBay]]>
            </line>
          </reporter-output>
        </test-method> <!-- openApp -->
        <test-method status="FAIL" signature="Wish()[pri:0, instance:testClass.Test3@7f6b8c]" name="Wish" duration-ms="42746" started-at="2018-06-25T15:30:59Z" finished-at="2018-06-25T15:31:42Z">
          <exception class="org.openqa.selenium.NoSuchElementException">
            <message>
              <![CDATA[Unable to locate element: #userid
For documentation on this error, please visit: http://seleniumhq.org/exceptions/no_such_element.html
Build info: version: '3.12.0', revision: '7c6e0b3', time: '2018-05-08T15:15:08.936Z'
System info: host: 'NUMASH', ip: '192.168.0.109', os.name: 'Windows 8.1', os.arch: 'x86', os.version: '6.3', java.version: '1.8.0_25'
Driver info: org.openqa.selenium.firefox.FirefoxDriver
Capabilities {acceptInsecureCerts: true, browserName: firefox, browserVersion: 60.0.2, javascriptEnabled: true, moz:accessibilityChecks: false, moz:headless: false, moz:processID: 21900, moz:profile: C:\Users\DELL\AppData\Local..., moz:useNonSpecCompliantPointerOrigin: false, moz:webdriverClick: true, pageLoadStrategy: normal, platform: XP, platformName: XP, platformVersion: 10.0, rotatable: false, timeouts: {implicit: 0, pageLoad: 300000, script: 30000}}
Session ID: a1015703-a4e3-4900-8b4a-7db755f91f94
*** Element info: {Using=id, value=userid}]]>
            </message>
            <full-stacktrace>
              <![CDATA[org.openqa.selenium.NoSuchElementException: Unable to locate element: #userid
For documentation on this error, please visit: http://seleniumhq.org/exceptions/no_such_element.html
Build info: version: '3.12.0', revision: '7c6e0b3', time: '2018-05-08T15:15:08.936Z'
System info: host: 'NUMASH', ip: '192.168.0.109', os.name: 'Windows 8.1', os.arch: 'x86', os.version: '6.3', java.version: '1.8.0_25'
Driver info: org.openqa.selenium.firefox.FirefoxDriver
Capabilities {acceptInsecureCerts: true, browserName: firefox, browserVersion: 60.0.2, javascriptEnabled: true, moz:accessibilityChecks: false, moz:headless: false, moz:processID: 21900, moz:profile: C:\Users\DELL\AppData\Local..., moz:useNonSpecCompliantPointerOrigin: false, moz:webdriverClick: true, pageLoadStrategy: normal, platform: XP, platformName: XP, platformVersion: 10.0, rotatable: false, timeouts: {implicit: 0, pageLoad: 300000, script: 30000}}
Session ID: a1015703-a4e3-4900-8b4a-7db755f91f94
*** Element info: {Using=id, value=userid}
at sun.reflect.NativeConstructorAccessorImpl.newInstance0(Native Method)
at sun.reflect.NativeConstructorAccessorImpl.newInstance(Unknown Source)
at sun.reflect.DelegatingConstructorAccessorImpl.newInstance(Unknown Source)
at java.lang.reflect.Constructor.newInstance(Unknown Source)
at org.openqa.selenium.remote.http.W3CHttpResponseCodec.createException(W3CHttpResponseCodec.java:187)
at org.openqa.selenium.remote.http.W3CHttpResponseCodec.decode(W3CHttpResponseCodec.java:122)
at org.openqa.selenium.remote.http.W3CHttpResponseCodec.decode(W3CHttpResponseCodec.java:49)
at org.openqa.selenium.remote.HttpCommandExecutor.execute(HttpCommandExecutor.java:158)
at org.openqa.selenium.remote.service.DriverCommandExecutor.execute(DriverCommandExecutor.java:83)
at org.openqa.selenium.remote.RemoteWebDriver.execute(RemoteWebDriver.java:543)
at org.openqa.selenium.remote.RemoteWebDriver.findElement(RemoteWebDriver.java:317)
at org.openqa.selenium.remote.RemoteWebDriver.findElementById(RemoteWebDriver.java:363)
at org.openqa.selenium.By$ById.findElement(By.java:188)
at org.openqa.selenium.remote.RemoteWebDriver.findElement(RemoteWebDriver.java:309)
at org.openqa.selenium.support.pagefactory.DefaultElementLocator.findElement(DefaultElementLocator.java:69)
at org.openqa.selenium.support.pagefactory.internal.LocatingElementHandler.invoke(LocatingElementHandler.java:38)
at com.sun.proxy.$Proxy9.sendKeys(Unknown Source)
at pom.LoginPage.uname(LoginPage.java:28)
at testClass.Test3.Wish(Test3.java:33)
at sun.reflect.NativeMethodAccessorImpl.invoke0(Native Method)
at sun.reflect.NativeMethodAccessorImpl.invoke(Unknown Source)
at sun.reflect.DelegatingMethodAccessorImpl.invoke(Unknown Source)
at java.lang.reflect.Method.invoke(Unknown Source)
at org.testng.internal.MethodInvocationHelper.invokeMethod(MethodInvocationHelper.java:124)
at org.testng.internal.Invoker.invokeMethod(Invoker.java:580)
at org.testng.internal.Invoker.invokeTestMethod(Invoker.java:716)
at org.testng.internal.Invoker.invokeTestMethods(Invoker.java:988)
at org.testng.internal.TestMethodWorker.invokeTestMethods(TestMethodWorker.java:125)
at org.testng.internal.TestMethodWorker.run(TestMethodWorker.java:109)
at org.testng.TestRunner.privateRun(TestRunner.java:648)
at org.testng.TestRunner.run(TestRunner.java:505)
at org.testng.SuiteRunner.runTest(SuiteRunner.java:455)
at org.testng.SuiteRunner.runSequentially(SuiteRunner.java:450)
at org.testng.SuiteRunner.privateRun(SuiteRunner.java:415)
at org.testng.SuiteRunner.run(SuiteRunner.java:364)
at org.testng.SuiteRunnerWorker.runSuite(SuiteRunnerWorker.java:52)
at org.testng.SuiteRunnerWorker.run(SuiteRunnerWorker.java:84)
at org.testng.TestNG.runSuitesSequentially(TestNG.java:1208)
at org.testng.TestNG.runSuitesLocally(TestNG.java:1137)
at org.testng.TestNG.runSuites(TestNG.java:1049)
at org.testng.TestNG.run(TestNG.java:1017)
at org.testng.remote.AbstractRemoteTestNG.run(AbstractRemoteTestNG.java:114)
at org.testng.remote.RemoteTestNG.initAndRun(RemoteTestNG.java:251)
at org.testng.remote.RemoteTestNG.main(RemoteTestNG.java:77)
]]>
            </full-stacktrace>
          </exception> <!-- org.openqa.selenium.NoSuchElementException -->
          <reporter-output>
          </reporter-output>
        </test-method> <!-- Wish -->
        <test-method status="PASS" signature="closeApp()[pri:0, instance:testClass.Test3@7f6b8c]" name="closeApp" is-config="true" duration-ms="13629" started-at="2018-06-25T15:31:42Z" finished-at="2018-06-25T15:31:55Z">
          <reporter-output>
          </reporter-output>
        </test-method> <!-- closeApp -->
      </class> <!-- testClass.Test3 -->
      <class name="testClass.Test1">
        <test-method status="PASS" signature="openApp()[pri:0, instance:testClass.Test1@187f14]" name="openApp" is-config="true" duration-ms="50569" started-at="2018-06-25T15:31:55Z" finished-at="2018-06-25T15:32:46Z">
          <reporter-output>
            <line>
              <![CDATA[Electronics, Cars, Fashion, Collectibles, Coupons and More | eBay]]>
            </line>
          </reporter-output>
        </test-method> <!-- openApp -->
        <test-method status="PASS" signature="test1()[pri:0, instance:testClass.Test1@187f14]" name="test1" duration-ms="2575" started-at="2018-06-25T15:32:46Z" finished-at="2018-06-25T15:32:48Z">
          <reporter-output>
          </reporter-output>
        </test-method> <!-- test1 -->
        <test-method status="PASS" signature="closeApp()[pri:0, instance:testClass.Test1@187f14]" name="closeApp" is-config="true" duration-ms="14083" started-at="2018-06-25T15:32:48Z" finished-at="2018-06-25T15:33:02Z">
          <reporter-output>
          </reporter-output>
        </test-method> <!-- closeApp -->
      </class> <!-- testClass.Test1 -->
      <class name="testClass.Test10">
        <test-method status="PASS" signature="openApp()[pri:0, instance:testClass.Test10@1195bc3]" name="openApp" is-config="true" duration-ms="51258" started-at="2018-06-25T15:33:02Z" finished-at="2018-06-25T15:33:54Z">
          <reporter-output>
            <line>
              <![CDATA[Electronics, Cars, Fashion, Collectibles, Coupons and More | eBay]]>
            </line>
          </reporter-output>
        </test-method> <!-- openApp -->
        <test-method status="PASS" signature="Wish()[pri:0, instance:testClass.Test10@1195bc3]" name="Wish" duration-ms="10661" started-at="2018-06-25T15:33:54Z" finished-at="2018-06-25T15:34:04Z">
          <reporter-output>
          </reporter-output>
        </test-method> <!-- Wish -->
        <test-method status="PASS" signature="closeApp()[pri:0, instance:testClass.Test10@1195bc3]" name="closeApp" is-config="true" duration-ms="11956" started-at="2018-06-25T15:34:04Z" finished-at="2018-06-25T15:34:16Z">
          <reporter-output>
          </reporter-output>
        </test-method> <!-- closeApp -->
      </class> <!-- testClass.Test10 -->
    </test> <!-- Default test -->
  </suite> <!-- Default suite -->
</testng-results>
